<?xml version="1.0" encoding="UTF-8"?>
<!-- Generated by org.testng.reporters.JUnitReportReporter -->
<testsuite hostname="Chuchierrez" failures="0" tests="1" name="com.nopcommerce.testCases.TC_AddCustomerTest_003" time="11.153" errors="0" timestamp="2020-05-03T11:57:45 CEST" skipped="0">
  <testcase classname="com.nopcommerce.testCases.TC_AddCustomerTest_003" name="addNewCustomer" time="11.153"/>
  <system-out/>
</testsuite> <!-- com.nopcommerce.testCases.TC_AddCustomerTest_003 -->
