<?xml version="1.0" encoding="UTF-8"?>
<!-- Generated by org.testng.reporters.JUnitReportReporter -->
<testsuite hostname="Chuchierrez" failures="0" tests="1" name="com.nopcommerce.testCases.TC_SearchCustomer_003" time="11.213" errors="0" timestamp="2020-05-03T11:57:45 CEST" skipped="0">
  <testcase classname="com.nopcommerce.testCases.TC_SearchCustomer_003" name="searchCustomer" time="11.213"/>
  <system-out/>
</testsuite> <!-- com.nopcommerce.testCases.TC_SearchCustomer_003 -->
