<?xml version="1.0" encoding="UTF-8"?>
<!-- Generated by org.testng.reporters.JUnitReportReporter -->
<testsuite hostname="Chuchierrez" failures="0" tests="1" name="com.nopcommerce.testCases.TC_SearchCustomer_004" time="70.981" errors="0" timestamp="2020-05-04T13:15:33 CEST" skipped="0">
  <testcase classname="com.nopcommerce.testCases.TC_SearchCustomer_004" name="searchCustomer" time="70.981"/>
  <system-out/>
</testsuite> <!-- com.nopcommerce.testCases.TC_SearchCustomer_004 -->
