<?xml version="1.0" encoding="UTF-8"?>
<!-- Generated by org.testng.reporters.JUnitReportReporter -->
<testsuite hostname="Chuchierrez" failures="0" tests="1" name="com.nopcommerce.testCases.TC_LoginTest_001" time="21.864" errors="0" timestamp="2020-05-04T13:15:33 CEST" skipped="0">
  <testcase classname="com.nopcommerce.testCases.TC_LoginTest_001" name="loginTest" time="21.864"/>
  <system-out/>
</testsuite> <!-- com.nopcommerce.testCases.TC_LoginTest_001 -->
